Release 13.2 - platgen Xilinx EDK 13.2 Build EDK_O.61xd
 (nt)
Copyright (c) 1995-2011 Xilinx, Inc.  All rights reserved.

Command Line: platgen -p xc3sd3400afg676-4 -lang vhdl -lp
D:/Projekti/Trenz/redmine/IpCores-ISE/ -msg __xps/ise/xmsgprops.lst system.mhs 

Parse
D:/Projekti/Trenz/redmine/TE-ReferenceDesigns/TE03xx-ISE/trunk/reference-TE0320-
00-EDK-13-2/system.mhs ...

Read MPD definitions ...
WARNING:EDK:3605 - Use of the repository located at
   C:\Xilinx\13.2\ISE_DS\edk_user_repository\ 
   (equivalent of $XILINX_EDK/../edk_user_repository) is now deprecated. 
   It is recommended that you use Global SearchPath preference to specify search
   paths that apply to all the projects.

Overriding IP level properties ...
INFO:EDK:4130 - IPNAME: mpmc, INSTANCE:DDR_SDRAM - tcl is overriding PARAMETER
   C_BASEFAMILY value to spartan3a -
   C:\Xilinx\13.2\ISE_DS\EDK\hw\XilinxProcessorIPLib\pcores\mpmc_v6_04_a\data\mp
   mc_v2_1_0.mpd line 152 
INFO:EDK:4130 - IPNAME: mpmc, INSTANCE:DDR_SDRAM - tcl is overriding PARAMETER
   C_SPEEDGRADE_INT value to 4 -
   C:\Xilinx\13.2\ISE_DS\EDK\hw\XilinxProcessorIPLib\pcores\mpmc_v6_04_a\data\mp
   mc_v2_1_0.mpd line 157 
INFO:EDK:4130 - IPNAME: mpmc, INSTANCE:DDR_SDRAM - tcl is overriding PARAMETER
   C_IODELAY_GRP value to DDR_SDRAM -
   C:\Xilinx\13.2\ISE_DS\EDK\hw\XilinxProcessorIPLib\pcores\mpmc_v6_04_a\data\mp
   mc_v2_1_0.mpd line 179 
INFO:EDK:4130 - IPNAME: mpmc, INSTANCE:DDR_SDRAM - tcl is overriding PARAMETER
   C_USE_MIG_S3_PHY value to 1 -
   C:\Xilinx\13.2\ISE_DS\EDK\hw\XilinxProcessorIPLib\pcores\mpmc_v6_04_a\data\mp
   mc_v2_1_0.mpd line 212 
INFO:EDK:4130 - IPNAME: mpmc, INSTANCE:DDR_SDRAM - tcl is overriding PARAMETER
   C_MEM_PART_DATA_DEPTH value to 32 -
   C:\Xilinx\13.2\ISE_DS\EDK\hw\XilinxProcessorIPLib\pcores\mpmc_v6_04_a\data\mp
   mc_v2_1_0.mpd line 263 
INFO:EDK:4130 - IPNAME: mpmc, INSTANCE:DDR_SDRAM - tcl is overriding PARAMETER
   C_MEM_PART_DATA_WIDTH value to 16 -
   C:\Xilinx\13.2\ISE_DS\EDK\hw\XilinxProcessorIPLib\pcores\mpmc_v6_04_a\data\mp
   mc_v2_1_0.mpd line 264 
INFO:EDK:4130 - IPNAME: mpmc, INSTANCE:DDR_SDRAM - tcl is overriding PARAMETER
   C_MEM_PART_NUM_COL_BITS value to 10 -
   C:\Xilinx\13.2\ISE_DS\EDK\hw\XilinxProcessorIPLib\pcores\mpmc_v6_04_a\data\mp
   mc_v2_1_0.mpd line 267 
INFO:EDK:4130 - IPNAME: mpmc, INSTANCE:DDR_SDRAM - tcl is overriding PARAMETER
   C_MEM_PART_TRAS value to 42000 -
   C:\Xilinx\13.2\ISE_DS\EDK\hw\XilinxProcessorIPLib\pcores\mpmc_v6_04_a\data\mp
   mc_v2_1_0.mpd line 268 
INFO:EDK:4130 - IPNAME: mpmc, INSTANCE:DDR_SDRAM - tcl is overriding PARAMETER
   C_MEM_PART_TRASMAX value to 70000000 -
   C:\Xilinx\13.2\ISE_DS\EDK\hw\XilinxProcessorIPLib\pcores\mpmc_v6_04_a\data\mp
   mc_v2_1_0.mpd line 269 
INFO:EDK:4130 - IPNAME: mpmc, INSTANCE:DDR_SDRAM - tcl is overriding PARAMETER
   C_MEM_PART_TRC value to 60000 -
   C:\Xilinx\13.2\ISE_DS\EDK\hw\XilinxProcessorIPLib\pcores\mpmc_v6_04_a\data\mp
   mc_v2_1_0.mpd line 270 
INFO:EDK:4130 - IPNAME: mpmc, INSTANCE:DDR_SDRAM - tcl is overriding PARAMETER
   C_MEM_PART_TRCD value to 15000 -
   C:\Xilinx\13.2\ISE_DS\EDK\hw\XilinxProcessorIPLib\pcores\mpmc_v6_04_a\data\mp
   mc_v2_1_0.mpd line 271 
INFO:EDK:4130 - IPNAME: mpmc, INSTANCE:DDR_SDRAM - tcl is overriding PARAMETER
   C_MEM_PART_TWR value to 15000 -
   C:\Xilinx\13.2\ISE_DS\EDK\hw\XilinxProcessorIPLib\pcores\mpmc_v6_04_a\data\mp
   mc_v2_1_0.mpd line 273 
INFO:EDK:4130 - IPNAME: mpmc, INSTANCE:DDR_SDRAM - tcl is overriding PARAMETER
   C_MEM_PART_TRP value to 15000 -
   C:\Xilinx\13.2\ISE_DS\EDK\hw\XilinxProcessorIPLib\pcores\mpmc_v6_04_a\data\mp
   mc_v2_1_0.mpd line 274 
INFO:EDK:4130 - IPNAME: mpmc, INSTANCE:DDR_SDRAM - tcl is overriding PARAMETER
   C_MEM_PART_TMRD value to 2 -
   C:\Xilinx\13.2\ISE_DS\EDK\hw\XilinxProcessorIPLib\pcores\mpmc_v6_04_a\data\mp
   mc_v2_1_0.mpd line 275 
INFO:EDK:4130 - IPNAME: mpmc, INSTANCE:DDR_SDRAM - tcl is overriding PARAMETER
   C_MEM_PART_TRRD value to 12000 -
   C:\Xilinx\13.2\ISE_DS\EDK\hw\XilinxProcessorIPLib\pcores\mpmc_v6_04_a\data\mp
   mc_v2_1_0.mpd line 276 
INFO:EDK:4130 - IPNAME: mpmc, INSTANCE:DDR_SDRAM - tcl is overriding PARAMETER
   C_MEM_PART_TRFC value to 72000 -
   C:\Xilinx\13.2\ISE_DS\EDK\hw\XilinxProcessorIPLib\pcores\mpmc_v6_04_a\data\mp
   mc_v2_1_0.mpd line 277 
INFO:EDK:4130 - IPNAME: mpmc, INSTANCE:DDR_SDRAM - tcl is overriding PARAMETER
   C_MEM_PART_TREFI value to 7800000 -
   C:\Xilinx\13.2\ISE_DS\EDK\hw\XilinxProcessorIPLib\pcores\mpmc_v6_04_a\data\mp
   mc_v2_1_0.mpd line 278 
INFO:EDK:4130 - IPNAME: mpmc, INSTANCE:DDR_SDRAM - tcl is overriding PARAMETER
   C_MEM_PART_CAS_A_FMAX value to 133 -
   C:\Xilinx\13.2\ISE_DS\EDK\hw\XilinxProcessorIPLib\pcores\mpmc_v6_04_a\data\mp
   mc_v2_1_0.mpd line 287 
INFO:EDK:4130 - IPNAME: mpmc, INSTANCE:DDR_SDRAM - tcl is overriding PARAMETER
   C_MEM_PART_CAS_A value to 2 -
   C:\Xilinx\13.2\ISE_DS\EDK\hw\XilinxProcessorIPLib\pcores\mpmc_v6_04_a\data\mp
   mc_v2_1_0.mpd line 288 
INFO:EDK:4130 - IPNAME: mpmc, INSTANCE:DDR_SDRAM - tcl is overriding PARAMETER
   C_MEM_PART_CAS_B_FMAX value to 166 -
   C:\Xilinx\13.2\ISE_DS\EDK\hw\XilinxProcessorIPLib\pcores\mpmc_v6_04_a\data\mp
   mc_v2_1_0.mpd line 289 
INFO:EDK:4130 - IPNAME: mpmc, INSTANCE:DDR_SDRAM - tcl is overriding PARAMETER
   C_MEM_PART_CAS_B value to 2.5 -
   C:\Xilinx\13.2\ISE_DS\EDK\hw\XilinxProcessorIPLib\pcores\mpmc_v6_04_a\data\mp
   mc_v2_1_0.mpd line 290 
INFO:EDK:4130 - IPNAME: mpmc, INSTANCE:DDR_SDRAM - tcl is overriding PARAMETER
   C_MEM_DM_WIDTH value to 4 -
   C:\Xilinx\13.2\ISE_DS\EDK\hw\XilinxProcessorIPLib\pcores\mpmc_v6_04_a\data\mp
   mc_v2_1_0.mpd line 309 
INFO:EDK:4130 - IPNAME: mpmc, INSTANCE:DDR_SDRAM - tcl is overriding PARAMETER
   C_MEM_DQS_WIDTH value to 4 -
   C:\Xilinx\13.2\ISE_DS\EDK\hw\XilinxProcessorIPLib\pcores\mpmc_v6_04_a\data\mp
   mc_v2_1_0.mpd line 310 

Computing clock values...
INFO:EDK:740 - Cannot determine the input clock associated with port :
   ilmb_cntlr:BRAM_Clk_A. Clock DRCs will not be performed on this core and
   cores connected to it. 
INFO:EDK:740 - Cannot determine the input clock associated with port :
   dlmb_cntlr:BRAM_Clk_A. Clock DRCs will not be performed on this core and
   cores connected to it. 

Performing IP level DRCs on properties...

Running DRC Tcl procedures for OPTION IPLEVEL_DRC_PROC...
Address Map for Processor microblaze_0
  (0000000000-0x00007fff) dlmb_cntlr	dlmb
  (0000000000-0x00007fff) ilmb_cntlr	ilmb
  (0x10000000-0x17ffffff) DDR_SDRAM	microblaze_0_DXCL
  (0x10000000-0x17ffffff) DDR_SDRAM	microblaze_0_IXCL
  (0x81400000-0x8140ffff) LED	mb_plb
  (0x81800000-0x8180ffff) xps_intc_0	mb_plb
  (0x82000000-0x8200ffff) switches	mb_plb
  (0x83400000-0x8340ffff) SPI_FLASH	mb_plb
  (0x83c00000-0x83c0ffff) xps_timer_0	mb_plb
  (0x84000000-0x8400ffff) RS232	mb_plb
  (0x84400000-0x8440ffff) debug_module	mb_plb
  (0xc1a00000-0xc1a0ffff) xps_npi_dma_0	mb_plb
  (0xc6e00000-0xc6e0ffff) xps_i2c_slave_0	mb_plb
  (0xc7200000-0xc720ffff) xps_fx2_0	mb_plb
INFO:EDK:4130 - IPNAME: plb_v46, INSTANCE:mb_plb - tool is overriding PARAMETER
   C_PLBV46_NUM_MASTERS value to 2 -
   C:\Xilinx\13.2\ISE_DS\EDK\hw\XilinxProcessorIPLib\pcores\plb_v46_v1_05_a\data
   \plb_v46_v2_1_0.mpd line 78 
INFO:EDK:4130 - IPNAME: plb_v46, INSTANCE:mb_plb - tool is overriding PARAMETER
   C_PLBV46_NUM_SLAVES value to 10 -
   C:\Xilinx\13.2\ISE_DS\EDK\hw\XilinxProcessorIPLib\pcores\plb_v46_v1_05_a\data
   \plb_v46_v2_1_0.mpd line 79 
INFO:EDK:4130 - IPNAME: plb_v46, INSTANCE:mb_plb - tool is overriding PARAMETER
   C_PLBV46_MID_WIDTH value to 1 -
   C:\Xilinx\13.2\ISE_DS\EDK\hw\XilinxProcessorIPLib\pcores\plb_v46_v1_05_a\data
   \plb_v46_v2_1_0.mpd line 80 
INFO:EDK:4130 - IPNAME: plb_v46, INSTANCE:mb_plb - tool is overriding PARAMETER
   C_PLBV46_DWIDTH value to 32 -
   C:\Xilinx\13.2\ISE_DS\EDK\hw\XilinxProcessorIPLib\pcores\plb_v46_v1_05_a\data
   \plb_v46_v2_1_0.mpd line 82 
INFO:EDK:4130 - IPNAME: lmb_v10, INSTANCE:ilmb - tool is overriding PARAMETER
   C_LMB_NUM_SLAVES value to 1 -
   C:\Xilinx\13.2\ISE_DS\EDK\hw\XilinxProcessorIPLib\pcores\lmb_v10_v2_00_b\data
   \lmb_v10_v2_1_0.mpd line 79 
INFO:EDK:4130 - IPNAME: lmb_v10, INSTANCE:dlmb - tool is overriding PARAMETER
   C_LMB_NUM_SLAVES value to 1 -
   C:\Xilinx\13.2\ISE_DS\EDK\hw\XilinxProcessorIPLib\pcores\lmb_v10_v2_00_b\data
   \lmb_v10_v2_1_0.mpd line 79 
INFO:EDK:4130 - IPNAME: bram_block, INSTANCE:lmb_bram - tool is overriding
   PARAMETER C_MEMSIZE value to 0x8000 -
   C:\Xilinx\13.2\ISE_DS\EDK\hw\XilinxProcessorIPLib\pcores\bram_block_v1_00_a\d
   ata\bram_block_v2_1_0.mpd line 76 
INFO:EDK:4130 - IPNAME: xps_gpio, INSTANCE:LED - tool is overriding PARAMETER
   C_SPLB_NUM_MASTERS value to 2 -
   C:\Xilinx\13.2\ISE_DS\EDK\hw\XilinxProcessorIPLib\pcores\xps_gpio_v2_00_a\dat
   a\xps_gpio_v2_1_0.mpd line 81 
INFO:EDK:4130 - IPNAME: xps_gpio, INSTANCE:switches - tool is overriding
   PARAMETER C_SPLB_NUM_MASTERS value to 2 -
   C:\Xilinx\13.2\ISE_DS\EDK\hw\XilinxProcessorIPLib\pcores\xps_gpio_v2_00_a\dat
   a\xps_gpio_v2_1_0.mpd line 81 
INFO:EDK:4130 - IPNAME: xps_spi, INSTANCE:SPI_FLASH - tool is overriding
   PARAMETER C_SPLB_NUM_MASTERS value to 2 -
   C:\Xilinx\13.2\ISE_DS\EDK\hw\XilinxProcessorIPLib\pcores\xps_spi_v2_02_a\data
   \xps_spi_v2_1_0.mpd line 83 
INFO:EDK:4130 - IPNAME: mdm, INSTANCE:debug_module - tool is overriding
   PARAMETER C_SPLB_MID_WIDTH value to 1 -
   C:\Xilinx\13.2\ISE_DS\EDK\hw\XilinxProcessorIPLib\pcores\mdm_v2_00_b\data\mdm
   _v2_1_0.mpd line 92 
INFO:EDK:4130 - IPNAME: mdm, INSTANCE:debug_module - tool is overriding
   PARAMETER C_SPLB_NUM_MASTERS value to 2 -
   C:\Xilinx\13.2\ISE_DS\EDK\hw\XilinxProcessorIPLib\pcores\mdm_v2_00_b\data\mdm
   _v2_1_0.mpd line 93 
INFO:EDK:4130 - IPNAME: xps_intc, INSTANCE:xps_intc_0 - tool is overriding
   PARAMETER C_SPLB_NUM_MASTERS value to 2 -
   C:\Xilinx\13.2\ISE_DS\EDK\hw\XilinxProcessorIPLib\pcores\xps_intc_v2_01_a\dat
   a\xps_intc_v2_1_0.mpd line 82 
INFO:EDK:4130 - IPNAME: xps_timer, INSTANCE:xps_timer_0 - tool is overriding
   PARAMETER C_SPLB_MID_WIDTH value to 1 -
   C:\Xilinx\13.2\ISE_DS\EDK\hw\XilinxProcessorIPLib\pcores\xps_timer_v1_02_a\da
   ta\xps_timer_v2_1_0.mpd line 86 
INFO:EDK:4130 - IPNAME: xps_timer, INSTANCE:xps_timer_0 - tool is overriding
   PARAMETER C_SPLB_NUM_MASTERS value to 2 -
   C:\Xilinx\13.2\ISE_DS\EDK\hw\XilinxProcessorIPLib\pcores\xps_timer_v1_02_a\da
   ta\xps_timer_v2_1_0.mpd line 87 
INFO:EDK:4130 - IPNAME: xps_uartlite, INSTANCE:RS232 - tool is overriding
   PARAMETER C_SPLB_NUM_MASTERS value to 2 -
   C:\Xilinx\13.2\ISE_DS\EDK\hw\XilinxProcessorIPLib\pcores\xps_uartlite_v1_02_a
   \data\xps_uartlite_v2_1_0.mpd line 83 
INFO:EDK:4130 - IPNAME: xps_i2c_slave, INSTANCE:xps_i2c_slave_0 - tool is
   overriding PARAMETER C_SPLB_DWIDTH value to 32 -
   D:\Projekti\Trenz\redmine\IpCores-ISE\trunk\pcores\xps_i2c_slave_v1_20_a\data
   \xps_i2c_slave_v2_1_0.mpd line 26 
INFO:EDK:4130 - IPNAME: xps_i2c_slave, INSTANCE:xps_i2c_slave_0 - tool is
   overriding PARAMETER C_SPLB_NUM_MASTERS value to 2 -
   D:\Projekti\Trenz\redmine\IpCores-ISE\trunk\pcores\xps_i2c_slave_v1_20_a\data
   \xps_i2c_slave_v2_1_0.mpd line 27 
INFO:EDK:4130 - IPNAME: xps_i2c_slave, INSTANCE:xps_i2c_slave_0 - tool is
   overriding PARAMETER C_SPLB_MID_WIDTH value to 1 -
   D:\Projekti\Trenz\redmine\IpCores-ISE\trunk\pcores\xps_i2c_slave_v1_20_a\data
   \xps_i2c_slave_v2_1_0.mpd line 28 
INFO:EDK:4130 - IPNAME: xps_fx2, INSTANCE:xps_fx2_0 - tool is overriding
   PARAMETER C_SPLB_DWIDTH value to 32 -
   D:\Projekti\Trenz\redmine\IpCores-ISE\trunk\pcores\xps_fx2_v1_30_a\data\xps_f
   x2_v2_1_0.mpd line 32 
INFO:EDK:4130 - IPNAME: xps_fx2, INSTANCE:xps_fx2_0 - tool is overriding
   PARAMETER C_SPLB_NUM_MASTERS value to 2 -
   D:\Projekti\Trenz\redmine\IpCores-ISE\trunk\pcores\xps_fx2_v1_30_a\data\xps_f
   x2_v2_1_0.mpd line 33 
INFO:EDK:4130 - IPNAME: xps_fx2, INSTANCE:xps_fx2_0 - tool is overriding
   PARAMETER C_SPLB_MID_WIDTH value to 1 -
   D:\Projekti\Trenz\redmine\IpCores-ISE\trunk\pcores\xps_fx2_v1_30_a\data\xps_f
   x2_v2_1_0.mpd line 34 
INFO:EDK:4130 - IPNAME: xps_npi_dma, INSTANCE:xps_npi_dma_0 - tool is overriding
   PARAMETER C_SPLB_DWIDTH value to 32 -
   D:\Projekti\Trenz\redmine\IpCores-ISE\trunk\pcores\xps_npi_dma_v3_00_a\data\x
   ps_npi_dma_v2_1_0.mpd line 31 
INFO:EDK:4130 - IPNAME: xps_npi_dma, INSTANCE:xps_npi_dma_0 - tool is overriding
   PARAMETER C_SPLB_NUM_MASTERS value to 2 -
   D:\Projekti\Trenz\redmine\IpCores-ISE\trunk\pcores\xps_npi_dma_v3_00_a\data\x
   ps_npi_dma_v2_1_0.mpd line 32 
INFO:EDK:4130 - IPNAME: xps_npi_dma, INSTANCE:xps_npi_dma_0 - tool is overriding
   PARAMETER C_SPLB_MID_WIDTH value to 1 -
   D:\Projekti\Trenz\redmine\IpCores-ISE\trunk\pcores\xps_npi_dma_v3_00_a\data\x
   ps_npi_dma_v2_1_0.mpd line 33 

Checking platform address map ...

Checking platform configuration ...
IPNAME: plb_v46, INSTANCE: mb_plb - 2 master(s) : 10 slave(s) 
IPNAME: lmb_v10, INSTANCE: ilmb - 1 master(s) : 1 slave(s) 
IPNAME: lmb_v10, INSTANCE: dlmb - 1 master(s) : 1 slave(s) 

Checking port drivers...
WARNING:EDK:4180 - PORT: bscan_tdo1, CONNECTOR: bscan_tdo1 - No driver found.
   Port will be driven to GND -
   C:\Xilinx\13.2\ISE_DS\EDK\hw\XilinxProcessorIPLib\pcores\mdm_v2_00_b\data\mdm
   _v2_1_0.mpd line 239 
WARNING:EDK:4181 - PORT: bscan_tdi, CONNECTOR: bscan_tdi - floating connection -
   C:\Xilinx\13.2\ISE_DS\EDK\hw\XilinxProcessorIPLib\pcores\mdm_v2_00_b\data\mdm
   _v2_1_0.mpd line 232 
WARNING:EDK:4181 - PORT: bscan_reset, CONNECTOR: bscan_reset - floating
   connection -
   C:\Xilinx\13.2\ISE_DS\EDK\hw\XilinxProcessorIPLib\pcores\mdm_v2_00_b\data\mdm
   _v2_1_0.mpd line 233 
WARNING:EDK:4181 - PORT: bscan_shift, CONNECTOR: bscan_shift - floating
   connection -
   C:\Xilinx\13.2\ISE_DS\EDK\hw\XilinxProcessorIPLib\pcores\mdm_v2_00_b\data\mdm
   _v2_1_0.mpd line 234 
WARNING:EDK:4181 - PORT: bscan_update, CONNECTOR: bscan_update - floating
   connection -
   C:\Xilinx\13.2\ISE_DS\EDK\hw\XilinxProcessorIPLib\pcores\mdm_v2_00_b\data\mdm
   _v2_1_0.mpd line 235 
WARNING:EDK:4181 - PORT: bscan_capture, CONNECTOR: bscan_capture - floating
   connection -
   C:\Xilinx\13.2\ISE_DS\EDK\hw\XilinxProcessorIPLib\pcores\mdm_v2_00_b\data\mdm
   _v2_1_0.mpd line 236 
WARNING:EDK:4181 - PORT: bscan_sel1, CONNECTOR: bscan_sel1 - floating connection
   -
   C:\Xilinx\13.2\ISE_DS\EDK\hw\XilinxProcessorIPLib\pcores\mdm_v2_00_b\data\mdm
   _v2_1_0.mpd line 237 
WARNING:EDK:4181 - PORT: bscan_drck1, CONNECTOR: bscan_drck1 - floating
   connection -
   C:\Xilinx\13.2\ISE_DS\EDK\hw\XilinxProcessorIPLib\pcores\mdm_v2_00_b\data\mdm
   _v2_1_0.mpd line 238 
WARNING:EDK:4181 - PORT: IP2INTC_Irpt, CONNECTOR: xps_npi_dma_0_IP2INTC_Irpt -
   floating connection -
   D:\Projekti\Trenz\redmine\TE-ReferenceDesigns\TE03xx-ISE\trunk\reference-TE03
   20-00-EDK-13-2\system.mhs line 363 

Performing Clock DRCs...

Performing Reset DRCs...

Overriding system level properties...
INFO:EDK:4130 - IPNAME: microblaze, INSTANCE:microblaze_0 - tcl is overriding
   PARAMETER C_D_PLB value to 1 -
   C:\Xilinx\13.2\ISE_DS\EDK\hw\XilinxProcessorIPLib\pcores\microblaze_v8_20_a\d
   ata\microblaze_v2_1_0.mpd line 228 
INFO:EDK:4130 - IPNAME: microblaze, INSTANCE:microblaze_0 - tcl is overriding
   PARAMETER C_I_PLB value to 1 -
   C:\Xilinx\13.2\ISE_DS\EDK\hw\XilinxProcessorIPLib\pcores\microblaze_v8_20_a\d
   ata\microblaze_v2_1_0.mpd line 231 
INFO:EDK:4130 - IPNAME: microblaze, INSTANCE:microblaze_0 - tcl is overriding
   PARAMETER C_USE_INTERRUPT value to 1 -
   C:\Xilinx\13.2\ISE_DS\EDK\hw\XilinxProcessorIPLib\pcores\microblaze_v8_20_a\d
   ata\microblaze_v2_1_0.mpd line 395 
INFO:EDK:4130 - IPNAME: microblaze, INSTANCE:microblaze_0 - tcl is overriding
   PARAMETER C_USE_EXT_BRK value to 1 -
   C:\Xilinx\13.2\ISE_DS\EDK\hw\XilinxProcessorIPLib\pcores\microblaze_v8_20_a\d
   ata\microblaze_v2_1_0.mpd line 396 
INFO:EDK:4130 - IPNAME: microblaze, INSTANCE:microblaze_0 - tcl is overriding
   PARAMETER C_USE_EXT_NM_BRK value to 1 -
   C:\Xilinx\13.2\ISE_DS\EDK\hw\XilinxProcessorIPLib\pcores\microblaze_v8_20_a\d
   ata\microblaze_v2_1_0.mpd line 397 
INFO:EDK:4130 - IPNAME: lmb_bram_if_cntlr, INSTANCE:dlmb_cntlr - tcl is
   overriding PARAMETER C_MASK value to 0x90000000 -
   C:\Xilinx\13.2\ISE_DS\EDK\hw\XilinxProcessorIPLib\pcores\lmb_bram_if_cntlr_v3
   _00_b\data\lmb_bram_if_cntlr_v2_1_0.mpd line 87 
INFO:EDK:4130 - IPNAME: lmb_bram_if_cntlr, INSTANCE:ilmb_cntlr - tcl is
   overriding PARAMETER C_MASK value to 0x90000000 -
   C:\Xilinx\13.2\ISE_DS\EDK\hw\XilinxProcessorIPLib\pcores\lmb_bram_if_cntlr_v3
   _00_b\data\lmb_bram_if_cntlr_v2_1_0.mpd line 87 
INFO:EDK:4130 - IPNAME: mpmc, INSTANCE:DDR_SDRAM - tcl is overriding PARAMETER
   C_MEM_CAS_LATENCY value to 2 -
   C:\Xilinx\13.2\ISE_DS\EDK\hw\XilinxProcessorIPLib\pcores\mpmc_v6_04_a\data\mp
   mc_v2_1_0.mpd line 297 
INFO:EDK:4130 - IPNAME: mpmc, INSTANCE:DDR_SDRAM - tcl is overriding PARAMETER
   C_PIM0_SUBTYPE value to IXCL -
   C:\Xilinx\13.2\ISE_DS\EDK\hw\XilinxProcessorIPLib\pcores\mpmc_v6_04_a\data\mp
   mc_v2_1_0.mpd line 353 
INFO:EDK:4130 - IPNAME: mpmc, INSTANCE:DDR_SDRAM - tcl is overriding PARAMETER
   C_PIM0_B_SUBTYPE value to DXCL -
   C:\Xilinx\13.2\ISE_DS\EDK\hw\XilinxProcessorIPLib\pcores\mpmc_v6_04_a\data\mp
   mc_v2_1_0.mpd line 358 
INFO:EDK:4130 - IPNAME: mpmc, INSTANCE:DDR_SDRAM - tcl is overriding PARAMETER
   C_PIM1_SUBTYPE value to NPI -
   C:\Xilinx\13.2\ISE_DS\EDK\hw\XilinxProcessorIPLib\pcores\mpmc_v6_04_a\data\mp
   mc_v2_1_0.mpd line 404 
INFO:EDK:4130 - IPNAME: mpmc, INSTANCE:DDR_SDRAM - tcl is overriding PARAMETER
   C_PIM1_B_SUBTYPE value to NPI -
   C:\Xilinx\13.2\ISE_DS\EDK\hw\XilinxProcessorIPLib\pcores\mpmc_v6_04_a\data\mp
   mc_v2_1_0.mpd line 409 
INFO:EDK:4130 - IPNAME: mpmc, INSTANCE:DDR_SDRAM - tcl is overriding PARAMETER
   C_TWR value to 15000 -
   C:\Xilinx\13.2\ISE_DS\EDK\hw\XilinxProcessorIPLib\pcores\mpmc_v6_04_a\data\mp
   mc_v2_1_0.mpd line 766 
INFO:EDK:4130 - IPNAME: mpmc, INSTANCE:DDR_SDRAM - tcl is overriding PARAMETER
   C_CTRL_IS_WRITE_INDEX value to 1 -
   C:\Xilinx\13.2\ISE_DS\EDK\hw\XilinxProcessorIPLib\pcores\mpmc_v6_04_a\data\mp
   mc_v2_1_0.mpd line 768 
INFO:EDK:4130 - IPNAME: mpmc, INSTANCE:DDR_SDRAM - tcl is overriding PARAMETER
   C_CTRL_PHYIF_RAS_N_INDEX value to 2 -
   C:\Xilinx\13.2\ISE_DS\EDK\hw\XilinxProcessorIPLib\pcores\mpmc_v6_04_a\data\mp
   mc_v2_1_0.mpd line 769 
INFO:EDK:4130 - IPNAME: mpmc, INSTANCE:DDR_SDRAM - tcl is overriding PARAMETER
   C_CTRL_PHYIF_CAS_N_INDEX value to 3 -
   C:\Xilinx\13.2\ISE_DS\EDK\hw\XilinxProcessorIPLib\pcores\mpmc_v6_04_a\data\mp
   mc_v2_1_0.mpd line 770 
INFO:EDK:4130 - IPNAME: mpmc, INSTANCE:DDR_SDRAM - tcl is overriding PARAMETER
   C_CTRL_PHYIF_WE_N_INDEX value to 4 -
   C:\Xilinx\13.2\ISE_DS\EDK\hw\XilinxProcessorIPLib\pcores\mpmc_v6_04_a\data\mp
   mc_v2_1_0.mpd line 771 
INFO:EDK:4130 - IPNAME: mpmc, INSTANCE:DDR_SDRAM - tcl is overriding PARAMETER
   C_CTRL_RMW_INDEX value to 6 -
   C:\Xilinx\13.2\ISE_DS\EDK\hw\XilinxProcessorIPLib\pcores\mpmc_v6_04_a\data\mp
   mc_v2_1_0.mpd line 772 
INFO:EDK:4130 - IPNAME: mpmc, INSTANCE:DDR_SDRAM - tcl is overriding PARAMETER
   C_CTRL_SKIP_0_INDEX value to 7 -
   C:\Xilinx\13.2\ISE_DS\EDK\hw\XilinxProcessorIPLib\pcores\mpmc_v6_04_a\data\mp
   mc_v2_1_0.mpd line 773 
INFO:EDK:4130 - IPNAME: mpmc, INSTANCE:DDR_SDRAM - tcl is overriding PARAMETER
   C_CTRL_PHYIF_DQS_O_INDEX value to 8 -
   C:\Xilinx\13.2\ISE_DS\EDK\hw\XilinxProcessorIPLib\pcores\mpmc_v6_04_a\data\mp
   mc_v2_1_0.mpd line 774 
INFO:EDK:4130 - IPNAME: mpmc, INSTANCE:DDR_SDRAM - tcl is overriding PARAMETER
   C_CTRL_SKIP_1_INDEX value to 9 -
   C:\Xilinx\13.2\ISE_DS\EDK\hw\XilinxProcessorIPLib\pcores\mpmc_v6_04_a\data\mp
   mc_v2_1_0.mpd line 775 
INFO:EDK:4130 - IPNAME: mpmc, INSTANCE:DDR_SDRAM - tcl is overriding PARAMETER
   C_CTRL_DP_RDFIFO_PUSH_INDEX value to 10 -
   C:\Xilinx\13.2\ISE_DS\EDK\hw\XilinxProcessorIPLib\pcores\mpmc_v6_04_a\data\mp
   mc_v2_1_0.mpd line 776 
INFO:EDK:4130 - IPNAME: mpmc, INSTANCE:DDR_SDRAM - tcl is overriding PARAMETER
   C_CTRL_SKIP_2_INDEX value to 11 -
   C:\Xilinx\13.2\ISE_DS\EDK\hw\XilinxProcessorIPLib\pcores\mpmc_v6_04_a\data\mp
   mc_v2_1_0.mpd line 777 
INFO:EDK:4130 - IPNAME: mpmc, INSTANCE:DDR_SDRAM - tcl is overriding PARAMETER
   C_CTRL_AP_COL_CNT_LOAD_INDEX value to 12 -
   C:\Xilinx\13.2\ISE_DS\EDK\hw\XilinxProcessorIPLib\pcores\mpmc_v6_04_a\data\mp
   mc_v2_1_0.mpd line 778 
INFO:EDK:4130 - IPNAME: mpmc, INSTANCE:DDR_SDRAM - tcl is overriding PARAMETER
   C_CTRL_AP_COL_CNT_ENABLE_INDEX value to 13 -
   C:\Xilinx\13.2\ISE_DS\EDK\hw\XilinxProcessorIPLib\pcores\mpmc_v6_04_a\data\mp
   mc_v2_1_0.mpd line 779 
INFO:EDK:4130 - IPNAME: mpmc, INSTANCE:DDR_SDRAM - tcl is overriding PARAMETER
   C_CTRL_AP_PRECHARGE_ADDR10_INDEX value to 14 -
   C:\Xilinx\13.2\ISE_DS\EDK\hw\XilinxProcessorIPLib\pcores\mpmc_v6_04_a\data\mp
   mc_v2_1_0.mpd line 780 
INFO:EDK:4130 - IPNAME: mpmc, INSTANCE:DDR_SDRAM - tcl is overriding PARAMETER
   C_CTRL_AP_ROW_COL_SEL_INDEX value to 15 -
   C:\Xilinx\13.2\ISE_DS\EDK\hw\XilinxProcessorIPLib\pcores\mpmc_v6_04_a\data\mp
   mc_v2_1_0.mpd line 781 
INFO:EDK:4130 - IPNAME: mpmc, INSTANCE:DDR_SDRAM - tcl is overriding PARAMETER
   C_CTRL_PHYIF_FORCE_DM_INDEX value to 16 -
   C:\Xilinx\13.2\ISE_DS\EDK\hw\XilinxProcessorIPLib\pcores\mpmc_v6_04_a\data\mp
   mc_v2_1_0.mpd line 782 
INFO:EDK:4130 - IPNAME: mpmc, INSTANCE:DDR_SDRAM - tcl is overriding PARAMETER
   C_CTRL_REPEAT4_INDEX value to 17 -
   C:\Xilinx\13.2\ISE_DS\EDK\hw\XilinxProcessorIPLib\pcores\mpmc_v6_04_a\data\mp
   mc_v2_1_0.mpd line 783 
INFO:EDK:4130 - IPNAME: mpmc, INSTANCE:DDR_SDRAM - tcl is overriding PARAMETER
   C_CTRL_ARB_RDMODWR_DELAY value to 2 -
   C:\Xilinx\13.2\ISE_DS\EDK\hw\XilinxProcessorIPLib\pcores\mpmc_v6_04_a\data\mp
   mc_v2_1_0.mpd line 794 
INFO:EDK:4130 - IPNAME: mpmc, INSTANCE:DDR_SDRAM - tcl is overriding PARAMETER
   C_CTRL_AP_COL_DELAY value to 1 -
   C:\Xilinx\13.2\ISE_DS\EDK\hw\XilinxProcessorIPLib\pcores\mpmc_v6_04_a\data\mp
   mc_v2_1_0.mpd line 795 
INFO:EDK:4130 - IPNAME: mpmc, INSTANCE:DDR_SDRAM - tcl is overriding PARAMETER
   C_CTRL_DP_LOAD_RDWDADDR_DELAY value to 2 -
   C:\Xilinx\13.2\ISE_DS\EDK\hw\XilinxProcessorIPLib\pcores\mpmc_v6_04_a\data\mp
   mc_v2_1_0.mpd line 799 
INFO:EDK:4130 - IPNAME: mpmc, INSTANCE:DDR_SDRAM - tcl is overriding PARAMETER
   C_CTRL_DP_RDFIFO_WHICHPORT_DELAY value to 12 -
   C:\Xilinx\13.2\ISE_DS\EDK\hw\XilinxProcessorIPLib\pcores\mpmc_v6_04_a\data\mp
   mc_v2_1_0.mpd line 800 
INFO:EDK:4130 - IPNAME: mpmc, INSTANCE:DDR_SDRAM - tcl is overriding PARAMETER
   C_CTRL_DP_SIZE_DELAY value to 2 -
   C:\Xilinx\13.2\ISE_DS\EDK\hw\XilinxProcessorIPLib\pcores\mpmc_v6_04_a\data\mp
   mc_v2_1_0.mpd line 801 
INFO:EDK:4130 - IPNAME: mpmc, INSTANCE:DDR_SDRAM - tcl is overriding PARAMETER
   C_CTRL_DP_WRFIFO_WHICHPORT_DELAY value to 3 -
   C:\Xilinx\13.2\ISE_DS\EDK\hw\XilinxProcessorIPLib\pcores\mpmc_v6_04_a\data\mp
   mc_v2_1_0.mpd line 802 
INFO:EDK:4130 - IPNAME: mpmc, INSTANCE:DDR_SDRAM - tcl is overriding PARAMETER
   C_CTRL_PHYIF_DUMMYREADSTART_DELAY value to 5 -
   C:\Xilinx\13.2\ISE_DS\EDK\hw\XilinxProcessorIPLib\pcores\mpmc_v6_04_a\data\mp
   mc_v2_1_0.mpd line 803 
INFO:EDK:4130 - IPNAME: mpmc, INSTANCE:DDR_SDRAM - tcl is overriding PARAMETER
   C_CTRL_Q0_DELAY value to 1 -
   C:\Xilinx\13.2\ISE_DS\EDK\hw\XilinxProcessorIPLib\pcores\mpmc_v6_04_a\data\mp
   mc_v2_1_0.mpd line 804 
INFO:EDK:4130 - IPNAME: mpmc, INSTANCE:DDR_SDRAM - tcl is overriding PARAMETER
   C_CTRL_Q1_DELAY value to 1 -
   C:\Xilinx\13.2\ISE_DS\EDK\hw\XilinxProcessorIPLib\pcores\mpmc_v6_04_a\data\mp
   mc_v2_1_0.mpd line 805 
INFO:EDK:4130 - IPNAME: mpmc, INSTANCE:DDR_SDRAM - tcl is overriding PARAMETER
   C_CTRL_Q2_DELAY value to 1 -
   C:\Xilinx\13.2\ISE_DS\EDK\hw\XilinxProcessorIPLib\pcores\mpmc_v6_04_a\data\mp
   mc_v2_1_0.mpd line 806 
INFO:EDK:4130 - IPNAME: mpmc, INSTANCE:DDR_SDRAM - tcl is overriding PARAMETER
   C_CTRL_Q3_DELAY value to 1 -
   C:\Xilinx\13.2\ISE_DS\EDK\hw\XilinxProcessorIPLib\pcores\mpmc_v6_04_a\data\mp
   mc_v2_1_0.mpd line 807 
INFO:EDK:4130 - IPNAME: mpmc, INSTANCE:DDR_SDRAM - tcl is overriding PARAMETER
   C_CTRL_Q4_DELAY value to 1 -
   C:\Xilinx\13.2\ISE_DS\EDK\hw\XilinxProcessorIPLib\pcores\mpmc_v6_04_a\data\mp
   mc_v2_1_0.mpd line 808 
INFO:EDK:4130 - IPNAME: mpmc, INSTANCE:DDR_SDRAM - tcl is overriding PARAMETER
   C_CTRL_Q6_DELAY value to 4 -
   C:\Xilinx\13.2\ISE_DS\EDK\hw\XilinxProcessorIPLib\pcores\mpmc_v6_04_a\data\mp
   mc_v2_1_0.mpd line 810 
INFO:EDK:4130 - IPNAME: mpmc, INSTANCE:DDR_SDRAM - tcl is overriding PARAMETER
   C_CTRL_Q7_DELAY value to 1 -
   C:\Xilinx\13.2\ISE_DS\EDK\hw\XilinxProcessorIPLib\pcores\mpmc_v6_04_a\data\mp
   mc_v2_1_0.mpd line 811 
INFO:EDK:4130 - IPNAME: mpmc, INSTANCE:DDR_SDRAM - tcl is overriding PARAMETER
   C_CTRL_Q9_DELAY value to 1 -
   C:\Xilinx\13.2\ISE_DS\EDK\hw\XilinxProcessorIPLib\pcores\mpmc_v6_04_a\data\mp
   mc_v2_1_0.mpd line 813 
INFO:EDK:4130 - IPNAME: mpmc, INSTANCE:DDR_SDRAM - tcl is overriding PARAMETER
   C_CTRL_Q10_DELAY value to 1 -
   C:\Xilinx\13.2\ISE_DS\EDK\hw\XilinxProcessorIPLib\pcores\mpmc_v6_04_a\data\mp
   mc_v2_1_0.mpd line 814 
INFO:EDK:4130 - IPNAME: mpmc, INSTANCE:DDR_SDRAM - tcl is overriding PARAMETER
   C_CTRL_Q11_DELAY value to 1 -
   C:\Xilinx\13.2\ISE_DS\EDK\hw\XilinxProcessorIPLib\pcores\mpmc_v6_04_a\data\mp
   mc_v2_1_0.mpd line 815 
INFO:EDK:4130 - IPNAME: mpmc, INSTANCE:DDR_SDRAM - tcl is overriding PARAMETER
   C_CTRL_Q12_DELAY value to 1 -
   C:\Xilinx\13.2\ISE_DS\EDK\hw\XilinxProcessorIPLib\pcores\mpmc_v6_04_a\data\mp
   mc_v2_1_0.mpd line 816 
INFO:EDK:4130 - IPNAME: mpmc, INSTANCE:DDR_SDRAM - tcl is overriding PARAMETER
   C_CTRL_Q13_DELAY value to 1 -
   C:\Xilinx\13.2\ISE_DS\EDK\hw\XilinxProcessorIPLib\pcores\mpmc_v6_04_a\data\mp
   mc_v2_1_0.mpd line 817 
INFO:EDK:4130 - IPNAME: mpmc, INSTANCE:DDR_SDRAM - tcl is overriding PARAMETER
   C_CTRL_Q14_DELAY value to 1 -
   C:\Xilinx\13.2\ISE_DS\EDK\hw\XilinxProcessorIPLib\pcores\mpmc_v6_04_a\data\mp
   mc_v2_1_0.mpd line 818 
INFO:EDK:4130 - IPNAME: mpmc, INSTANCE:DDR_SDRAM - tcl is overriding PARAMETER
   C_CTRL_Q15_DELAY value to 1 -
   C:\Xilinx\13.2\ISE_DS\EDK\hw\XilinxProcessorIPLib\pcores\mpmc_v6_04_a\data\mp
   mc_v2_1_0.mpd line 819 
INFO:EDK:4130 - IPNAME: mpmc, INSTANCE:DDR_SDRAM - tcl is overriding PARAMETER
   C_CTRL_Q17_DELAY value to 1 -
   C:\Xilinx\13.2\ISE_DS\EDK\hw\XilinxProcessorIPLib\pcores\mpmc_v6_04_a\data\mp
   mc_v2_1_0.mpd line 821 
INFO:EDK:4130 - IPNAME: mpmc, INSTANCE:DDR_SDRAM - tcl is overriding PARAMETER
   C_SKIP_1_VALUE value to 0x001 -
   C:\Xilinx\13.2\ISE_DS\EDK\hw\XilinxProcessorIPLib\pcores\mpmc_v6_04_a\data\mp
   mc_v2_1_0.mpd line 840 
INFO:EDK:4130 - IPNAME: mpmc, INSTANCE:DDR_SDRAM - tcl is overriding PARAMETER
   C_SKIP_2_VALUE value to 0x001 -
   C:\Xilinx\13.2\ISE_DS\EDK\hw\XilinxProcessorIPLib\pcores\mpmc_v6_04_a\data\mp
   mc_v2_1_0.mpd line 841 
INFO:EDK:4130 - IPNAME: mpmc, INSTANCE:DDR_SDRAM - tcl is overriding PARAMETER
   C_SKIP_3_VALUE value to 0x001 -
   C:\Xilinx\13.2\ISE_DS\EDK\hw\XilinxProcessorIPLib\pcores\mpmc_v6_04_a\data\mp
   mc_v2_1_0.mpd line 842 
INFO:EDK:4130 - IPNAME: mpmc, INSTANCE:DDR_SDRAM - tcl is overriding PARAMETER
   C_SKIP_4_VALUE value to 0x001 -
   C:\Xilinx\13.2\ISE_DS\EDK\hw\XilinxProcessorIPLib\pcores\mpmc_v6_04_a\data\mp
   mc_v2_1_0.mpd line 843 
INFO:EDK:4130 - IPNAME: mpmc, INSTANCE:DDR_SDRAM - tcl is overriding PARAMETER
   C_SKIP_5_VALUE value to 0x001 -
   C:\Xilinx\13.2\ISE_DS\EDK\hw\XilinxProcessorIPLib\pcores\mpmc_v6_04_a\data\mp
   mc_v2_1_0.mpd line 844 
INFO:EDK:4130 - IPNAME: mpmc, INSTANCE:DDR_SDRAM - tcl is overriding PARAMETER
   C_SKIP_6_VALUE value to 0x001 -
   C:\Xilinx\13.2\ISE_DS\EDK\hw\XilinxProcessorIPLib\pcores\mpmc_v6_04_a\data\mp
   mc_v2_1_0.mpd line 845 
INFO:EDK:4130 - IPNAME: mpmc, INSTANCE:DDR_SDRAM - tcl is overriding PARAMETER
   C_SKIP_7_VALUE value to 0x001 -
   C:\Xilinx\13.2\ISE_DS\EDK\hw\XilinxProcessorIPLib\pcores\mpmc_v6_04_a\data\mp
   mc_v2_1_0.mpd line 846 
INFO:EDK:4130 - IPNAME: mpmc, INSTANCE:DDR_SDRAM - tcl is overriding PARAMETER
   C_B32_REPEAT_CNT value to 2 -
   C:\Xilinx\13.2\ISE_DS\EDK\hw\XilinxProcessorIPLib\pcores\mpmc_v6_04_a\data\mp
   mc_v2_1_0.mpd line 848 
INFO:EDK:4130 - IPNAME: mpmc, INSTANCE:DDR_SDRAM - tcl is overriding PARAMETER
   C_B64_REPEAT_CNT value to 6 -
   C:\Xilinx\13.2\ISE_DS\EDK\hw\XilinxProcessorIPLib\pcores\mpmc_v6_04_a\data\mp
   mc_v2_1_0.mpd line 849 
INFO:EDK:4130 - IPNAME: mpmc, INSTANCE:DDR_SDRAM - tcl is overriding PARAMETER
   C_HIGHADDR_CTRL0 value to 0x009 -
   C:\Xilinx\13.2\ISE_DS\EDK\hw\XilinxProcessorIPLib\pcores\mpmc_v6_04_a\data\mp
   mc_v2_1_0.mpd line 852 
INFO:EDK:4130 - IPNAME: mpmc, INSTANCE:DDR_SDRAM - tcl is overriding PARAMETER
   C_BASEADDR_CTRL1 value to 0x00a -
   C:\Xilinx\13.2\ISE_DS\EDK\hw\XilinxProcessorIPLib\pcores\mpmc_v6_04_a\data\mp
   mc_v2_1_0.mpd line 853 
INFO:EDK:4130 - IPNAME: mpmc, INSTANCE:DDR_SDRAM - tcl is overriding PARAMETER
   C_HIGHADDR_CTRL1 value to 0x010 -
   C:\Xilinx\13.2\ISE_DS\EDK\hw\XilinxProcessorIPLib\pcores\mpmc_v6_04_a\data\mp
   mc_v2_1_0.mpd line 854 
INFO:EDK:4130 - IPNAME: mpmc, INSTANCE:DDR_SDRAM - tcl is overriding PARAMETER
   C_BASEADDR_CTRL2 value to 0x011 -
   C:\Xilinx\13.2\ISE_DS\EDK\hw\XilinxProcessorIPLib\pcores\mpmc_v6_04_a\data\mp
   mc_v2_1_0.mpd line 855 
INFO:EDK:4130 - IPNAME: mpmc, INSTANCE:DDR_SDRAM - tcl is overriding PARAMETER
   C_HIGHADDR_CTRL2 value to 0x01a -
   C:\Xilinx\13.2\ISE_DS\EDK\hw\XilinxProcessorIPLib\pcores\mpmc_v6_04_a\data\mp
   mc_v2_1_0.mpd line 856 
INFO:EDK:4130 - IPNAME: mpmc, INSTANCE:DDR_SDRAM - tcl is overriding PARAMETER
   C_BASEADDR_CTRL3 value to 0x01b -
   C:\Xilinx\13.2\ISE_DS\EDK\hw\XilinxProcessorIPLib\pcores\mpmc_v6_04_a\data\mp
   mc_v2_1_0.mpd line 857 
INFO:EDK:4130 - IPNAME: mpmc, INSTANCE:DDR_SDRAM - tcl is overriding PARAMETER
   C_HIGHADDR_CTRL3 value to 0x021 -
   C:\Xilinx\13.2\ISE_DS\EDK\hw\XilinxProcessorIPLib\pcores\mpmc_v6_04_a\data\mp
   mc_v2_1_0.mpd line 858 
INFO:EDK:4130 - IPNAME: mpmc, INSTANCE:DDR_SDRAM - tcl is overriding PARAMETER
   C_BASEADDR_CTRL4 value to 0x022 -
   C:\Xilinx\13.2\ISE_DS\EDK\hw\XilinxProcessorIPLib\pcores\mpmc_v6_04_a\data\mp
   mc_v2_1_0.mpd line 859 
INFO:EDK:4130 - IPNAME: mpmc, INSTANCE:DDR_SDRAM - tcl is overriding PARAMETER
   C_HIGHADDR_CTRL4 value to 0x02b -
   C:\Xilinx\13.2\ISE_DS\EDK\hw\XilinxProcessorIPLib\pcores\mpmc_v6_04_a\data\mp
   mc_v2_1_0.mpd line 860 
INFO:EDK:4130 - IPNAME: mpmc, INSTANCE:DDR_SDRAM - tcl is overriding PARAMETER
   C_BASEADDR_CTRL5 value to 0x02c -
   C:\Xilinx\13.2\ISE_DS\EDK\hw\XilinxProcessorIPLib\pcores\mpmc_v6_04_a\data\mp
   mc_v2_1_0.mpd line 861 
INFO:EDK:4130 - IPNAME: mpmc, INSTANCE:DDR_SDRAM - tcl is overriding PARAMETER
   C_HIGHADDR_CTRL5 value to 0x032 -
   C:\Xilinx\13.2\ISE_DS\EDK\hw\XilinxProcessorIPLib\pcores\mpmc_v6_04_a\data\mp
   mc_v2_1_0.mpd line 862 
INFO:EDK:4130 - IPNAME: mpmc, INSTANCE:DDR_SDRAM - tcl is overriding PARAMETER
   C_BASEADDR_CTRL6 value to 0x033 -
   C:\Xilinx\13.2\ISE_DS\EDK\hw\XilinxProcessorIPLib\pcores\mpmc_v6_04_a\data\mp
   mc_v2_1_0.mpd line 863 
INFO:EDK:4130 - IPNAME: mpmc, INSTANCE:DDR_SDRAM - tcl is overriding PARAMETER
   C_HIGHADDR_CTRL6 value to 0x03e -
   C:\Xilinx\13.2\ISE_DS\EDK\hw\XilinxProcessorIPLib\pcores\mpmc_v6_04_a\data\mp
   mc_v2_1_0.mpd line 864 
INFO:EDK:4130 - IPNAME: mpmc, INSTANCE:DDR_SDRAM - tcl is overriding PARAMETER
   C_BASEADDR_CTRL7 value to 0x03f -
   C:\Xilinx\13.2\ISE_DS\EDK\hw\XilinxProcessorIPLib\pcores\mpmc_v6_04_a\data\mp
   mc_v2_1_0.mpd line 865 
INFO:EDK:4130 - IPNAME: mpmc, INSTANCE:DDR_SDRAM - tcl is overriding PARAMETER
   C_HIGHADDR_CTRL7 value to 0x046 -
   C:\Xilinx\13.2\ISE_DS\EDK\hw\XilinxProcessorIPLib\pcores\mpmc_v6_04_a\data\mp
   mc_v2_1_0.mpd line 866 
INFO:EDK:4130 - IPNAME: mpmc, INSTANCE:DDR_SDRAM - tcl is overriding PARAMETER
   C_BASEADDR_CTRL8 value to 0x047 -
   C:\Xilinx\13.2\ISE_DS\EDK\hw\XilinxProcessorIPLib\pcores\mpmc_v6_04_a\data\mp
   mc_v2_1_0.mpd line 867 
INFO:EDK:4130 - IPNAME: mpmc, INSTANCE:DDR_SDRAM - tcl is overriding PARAMETER
   C_HIGHADDR_CTRL8 value to 0x056 -
   C:\Xilinx\13.2\ISE_DS\EDK\hw\XilinxProcessorIPLib\pcores\mpmc_v6_04_a\data\mp
   mc_v2_1_0.mpd line 868 
INFO:EDK:4130 - IPNAME: mpmc, INSTANCE:DDR_SDRAM - tcl is overriding PARAMETER
   C_BASEADDR_CTRL9 value to 0x057 -
   C:\Xilinx\13.2\ISE_DS\EDK\hw\XilinxProcessorIPLib\pcores\mpmc_v6_04_a\data\mp
   mc_v2_1_0.mpd line 869 
INFO:EDK:4130 - IPNAME: mpmc, INSTANCE:DDR_SDRAM - tcl is overriding PARAMETER
   C_HIGHADDR_CTRL9 value to 0x062 -
   C:\Xilinx\13.2\ISE_DS\EDK\hw\XilinxProcessorIPLib\pcores\mpmc_v6_04_a\data\mp
   mc_v2_1_0.mpd line 870 
INFO:EDK:4130 - IPNAME: mpmc, INSTANCE:DDR_SDRAM - tcl is overriding PARAMETER
   C_BASEADDR_CTRL10 value to 0x063 -
   C:\Xilinx\13.2\ISE_DS\EDK\hw\XilinxProcessorIPLib\pcores\mpmc_v6_04_a\data\mp
   mc_v2_1_0.mpd line 871 
INFO:EDK:4130 - IPNAME: mpmc, INSTANCE:DDR_SDRAM - tcl is overriding PARAMETER
   C_HIGHADDR_CTRL10 value to 0x072 -
   C:\Xilinx\13.2\ISE_DS\EDK\hw\XilinxProcessorIPLib\pcores\mpmc_v6_04_a\data\mp
   mc_v2_1_0.mpd line 872 
INFO:EDK:4130 - IPNAME: mpmc, INSTANCE:DDR_SDRAM - tcl is overriding PARAMETER
   C_BASEADDR_CTRL11 value to 0x073 -
   C:\Xilinx\13.2\ISE_DS\EDK\hw\XilinxProcessorIPLib\pcores\mpmc_v6_04_a\data\mp
   mc_v2_1_0.mpd line 873 
INFO:EDK:4130 - IPNAME: mpmc, INSTANCE:DDR_SDRAM - tcl is overriding PARAMETER
   C_HIGHADDR_CTRL11 value to 0x07e -
   C:\Xilinx\13.2\ISE_DS\EDK\hw\XilinxProcessorIPLib\pcores\mpmc_v6_04_a\data\mp
   mc_v2_1_0.mpd line 874 
INFO:EDK:4130 - IPNAME: mpmc, INSTANCE:DDR_SDRAM - tcl is overriding PARAMETER
   C_BASEADDR_CTRL12 value to 0x07f -
   C:\Xilinx\13.2\ISE_DS\EDK\hw\XilinxProcessorIPLib\pcores\mpmc_v6_04_a\data\mp
   mc_v2_1_0.mpd line 875 
INFO:EDK:4130 - IPNAME: mpmc, INSTANCE:DDR_SDRAM - tcl is overriding PARAMETER
   C_HIGHADDR_CTRL12 value to 0x08e -
   C:\Xilinx\13.2\ISE_DS\EDK\hw\XilinxProcessorIPLib\pcores\mpmc_v6_04_a\data\mp
   mc_v2_1_0.mpd line 876 
INFO:EDK:4130 - IPNAME: mpmc, INSTANCE:DDR_SDRAM - tcl is overriding PARAMETER
   C_BASEADDR_CTRL13 value to 0x08f -
   C:\Xilinx\13.2\ISE_DS\EDK\hw\XilinxProcessorIPLib\pcores\mpmc_v6_04_a\data\mp
   mc_v2_1_0.mpd line 877 
INFO:EDK:4130 - IPNAME: mpmc, INSTANCE:DDR_SDRAM - tcl is overriding PARAMETER
   C_HIGHADDR_CTRL13 value to 0x09a -
   C:\Xilinx\13.2\ISE_DS\EDK\hw\XilinxProcessorIPLib\pcores\mpmc_v6_04_a\data\mp
   mc_v2_1_0.mpd line 878 
INFO:EDK:4130 - IPNAME: mpmc, INSTANCE:DDR_SDRAM - tcl is overriding PARAMETER
   C_BASEADDR_CTRL14 value to 0x09b -
   C:\Xilinx\13.2\ISE_DS\EDK\hw\XilinxProcessorIPLib\pcores\mpmc_v6_04_a\data\mp
   mc_v2_1_0.mpd line 879 
INFO:EDK:4130 - IPNAME: mpmc, INSTANCE:DDR_SDRAM - tcl is overriding PARAMETER
   C_HIGHADDR_CTRL14 value to 0x0a4 -
   C:\Xilinx\13.2\ISE_DS\EDK\hw\XilinxProcessorIPLib\pcores\mpmc_v6_04_a\data\mp
   mc_v2_1_0.mpd line 880 
INFO:EDK:4130 - IPNAME: mpmc, INSTANCE:DDR_SDRAM - tcl is overriding PARAMETER
   C_BASEADDR_CTRL15 value to 0x0a5 -
   C:\Xilinx\13.2\ISE_DS\EDK\hw\XilinxProcessorIPLib\pcores\mpmc_v6_04_a\data\mp
   mc_v2_1_0.mpd line 881 
INFO:EDK:4130 - IPNAME: mpmc, INSTANCE:DDR_SDRAM - tcl is overriding PARAMETER
   C_HIGHADDR_CTRL15 value to 0x0a6 -
   C:\Xilinx\13.2\ISE_DS\EDK\hw\XilinxProcessorIPLib\pcores\mpmc_v6_04_a\data\mp
   mc_v2_1_0.mpd line 882 
INFO:EDK:4130 - IPNAME: mpmc, INSTANCE:DDR_SDRAM - tcl is overriding PARAMETER
   C_CTRL_BRAM_INIT_19 value to
   0x000002FC000002FC000002FC000002FC000002FC000002FC000002FC000002FC -
   C:\Xilinx\13.2\ISE_DS\EDK\hw\XilinxProcessorIPLib\pcores\mpmc_v6_04_a\data\mp
   mc_v2_1_0.mpd line 923 
INFO:EDK:4130 - IPNAME: mpmc, INSTANCE:DDR_SDRAM - tcl is overriding PARAMETER
   C_CTRL_BRAM_INIT_18 value to
   0x000002FC000002FC000002FC000002FC000002FC000002FC000002FC000002FC -
   C:\Xilinx\13.2\ISE_DS\EDK\hw\XilinxProcessorIPLib\pcores\mpmc_v6_04_a\data\mp
   mc_v2_1_0.mpd line 924 
INFO:EDK:4130 - IPNAME: mpmc, INSTANCE:DDR_SDRAM - tcl is overriding PARAMETER
   C_CTRL_BRAM_INIT_17 value to
   0x000002FC000002FC000002FC000002FC000002FC000002FC000002FC000002FC -
   C:\Xilinx\13.2\ISE_DS\EDK\hw\XilinxProcessorIPLib\pcores\mpmc_v6_04_a\data\mp
   mc_v2_1_0.mpd line 925 
INFO:EDK:4130 - IPNAME: mpmc, INSTANCE:DDR_SDRAM - tcl is overriding PARAMETER
   C_CTRL_BRAM_INIT_14 value to
   0x000002FC0000001C0000001C0000001C0000001C0000001C0000001C0000001C -
   C:\Xilinx\13.2\ISE_DS\EDK\hw\XilinxProcessorIPLib\pcores\mpmc_v6_04_a\data\mp
   mc_v2_1_0.mpd line 928 
INFO:EDK:4130 - IPNAME: mpmc, INSTANCE:DDR_SDRAM - tcl is overriding PARAMETER
   C_CTRL_BRAM_INIT_13 value to
   0x0000001D0000001C000000100000001C000040080000001C000040080000001C -
   C:\Xilinx\13.2\ISE_DS\EDK\hw\XilinxProcessorIPLib\pcores\mpmc_v6_04_a\data\mp
   mc_v2_1_0.mpd line 929 
INFO:EDK:4130 - IPNAME: mpmc, INSTANCE:DDR_SDRAM - tcl is overriding PARAMETER
   C_CTRL_BRAM_INIT_12 value to
   0x000024140000041C000024150000041C000024140002041C000024140000141C -
   C:\Xilinx\13.2\ISE_DS\EDK\hw\XilinxProcessorIPLib\pcores\mpmc_v6_04_a\data\mp
   mc_v2_1_0.mpd line 930 
INFO:EDK:4130 - IPNAME: mpmc, INSTANCE:DDR_SDRAM - tcl is overriding PARAMETER
   C_CTRL_BRAM_INIT_11 value to
   0x000080180000001E0000001E0000400A0000001E0000001E0000201F0000001E -
   C:\Xilinx\13.2\ISE_DS\EDK\hw\XilinxProcessorIPLib\pcores\mpmc_v6_04_a\data\mp
   mc_v2_1_0.mpd line 931 
INFO:EDK:4130 - IPNAME: mpmc, INSTANCE:DDR_SDRAM - tcl is overriding PARAMETER
   C_CTRL_BRAM_INIT_10 value to
   0x000021060000011E000021060000011E000021060002011E000021060000111E -
   C:\Xilinx\13.2\ISE_DS\EDK\hw\XilinxProcessorIPLib\pcores\mpmc_v6_04_a\data\mp
   mc_v2_1_0.mpd line 932 
INFO:EDK:4130 - IPNAME: mpmc, INSTANCE:DDR_SDRAM - tcl is overriding PARAMETER
   C_CTRL_BRAM_INIT_0F value to
   0x0000801A0000001C000040080000001C000024140000041C000024150000041C -
   C:\Xilinx\13.2\ISE_DS\EDK\hw\XilinxProcessorIPLib\pcores\mpmc_v6_04_a\data\mp
   mc_v2_1_0.mpd line 933 
INFO:EDK:4130 - IPNAME: mpmc, INSTANCE:DDR_SDRAM - tcl is overriding PARAMETER
   C_CTRL_BRAM_INIT_0E value to
   0x000024140002041C000024140000141C000080180000001E0000001E0000400A -
   C:\Xilinx\13.2\ISE_DS\EDK\hw\XilinxProcessorIPLib\pcores\mpmc_v6_04_a\data\mp
   mc_v2_1_0.mpd line 934 
INFO:EDK:4130 - IPNAME: mpmc, INSTANCE:DDR_SDRAM - tcl is overriding PARAMETER
   C_CTRL_BRAM_INIT_0D value to
   0x0000001E0000001E0000201F0000001E000021060000011E000021060000011E -
   C:\Xilinx\13.2\ISE_DS\EDK\hw\XilinxProcessorIPLib\pcores\mpmc_v6_04_a\data\mp
   mc_v2_1_0.mpd line 935 
INFO:EDK:4130 - IPNAME: mpmc, INSTANCE:DDR_SDRAM - tcl is overriding PARAMETER
   C_CTRL_BRAM_INIT_0C value to
   0x000021060002011E000021060000111E0000801A0000001C000040080000001C -
   C:\Xilinx\13.2\ISE_DS\EDK\hw\XilinxProcessorIPLib\pcores\mpmc_v6_04_a\data\mp
   mc_v2_1_0.mpd line 936 
INFO:EDK:4130 - IPNAME: mpmc, INSTANCE:DDR_SDRAM - tcl is overriding PARAMETER
   C_CTRL_BRAM_INIT_0B value to
   0x000024140000041C000024150000041C000024140000041C000024140000141C -
   C:\Xilinx\13.2\ISE_DS\EDK\hw\XilinxProcessorIPLib\pcores\mpmc_v6_04_a\data\mp
   mc_v2_1_0.mpd line 937 
INFO:EDK:4130 - IPNAME: mpmc, INSTANCE:DDR_SDRAM - tcl is overriding PARAMETER
   C_CTRL_BRAM_INIT_0A value to
   0x000080180000001E0000001E0000400A0000001E0000001E0000201F0000001E -
   C:\Xilinx\13.2\ISE_DS\EDK\hw\XilinxProcessorIPLib\pcores\mpmc_v6_04_a\data\mp
   mc_v2_1_0.mpd line 938 
INFO:EDK:4130 - IPNAME: mpmc, INSTANCE:DDR_SDRAM - tcl is overriding PARAMETER
   C_CTRL_BRAM_INIT_09 value to
   0x000021060000011E000021060000011E000021060000011E000021060000111E -
   C:\Xilinx\13.2\ISE_DS\EDK\hw\XilinxProcessorIPLib\pcores\mpmc_v6_04_a\data\mp
   mc_v2_1_0.mpd line 939 
INFO:EDK:4130 - IPNAME: mpmc, INSTANCE:DDR_SDRAM - tcl is overriding PARAMETER
   C_CTRL_BRAM_INIT_08 value to
   0x0000801A0000001C000040080000001C000024140000041C000024150000141C -
   C:\Xilinx\13.2\ISE_DS\EDK\hw\XilinxProcessorIPLib\pcores\mpmc_v6_04_a\data\mp
   mc_v2_1_0.mpd line 940 
INFO:EDK:4130 - IPNAME: mpmc, INSTANCE:DDR_SDRAM - tcl is overriding PARAMETER
   C_CTRL_BRAM_INIT_07 value to
   0x000080180000001E0000001E0000400A0000001E0000001E0000201F0000001E -
   C:\Xilinx\13.2\ISE_DS\EDK\hw\XilinxProcessorIPLib\pcores\mpmc_v6_04_a\data\mp
   mc_v2_1_0.mpd line 941 
INFO:EDK:4130 - IPNAME: mpmc, INSTANCE:DDR_SDRAM - tcl is overriding PARAMETER
   C_CTRL_BRAM_INIT_06 value to
   0x000021060000011E000021060000111E0000801A0000001C000040080000001C -
   C:\Xilinx\13.2\ISE_DS\EDK\hw\XilinxProcessorIPLib\pcores\mpmc_v6_04_a\data\mp
   mc_v2_1_0.mpd line 942 
INFO:EDK:4130 - IPNAME: mpmc, INSTANCE:DDR_SDRAM - tcl is overriding PARAMETER
   C_CTRL_BRAM_INIT_05 value to
   0x0000001C000024140000141D000080180000001E0000001E0000400A0000001E -
   C:\Xilinx\13.2\ISE_DS\EDK\hw\XilinxProcessorIPLib\pcores\mpmc_v6_04_a\data\mp
   mc_v2_1_0.mpd line 943 
INFO:EDK:4130 - IPNAME: mpmc, INSTANCE:DDR_SDRAM - tcl is overriding PARAMETER
   C_CTRL_BRAM_INIT_04 value to
   0x0000001E0000201F0000001E000021060000111E0000801A0000001C00004008 -
   C:\Xilinx\13.2\ISE_DS\EDK\hw\XilinxProcessorIPLib\pcores\mpmc_v6_04_a\data\mp
   mc_v2_1_0.mpd line 944 
INFO:EDK:4130 - IPNAME: mpmc, INSTANCE:DDR_SDRAM - tcl is overriding PARAMETER
   C_CTRL_BRAM_INIT_03 value to
   0x0000001C0000001C000020140000141D000080180000001E0000001E0000400A -
   C:\Xilinx\13.2\ISE_DS\EDK\hw\XilinxProcessorIPLib\pcores\mpmc_v6_04_a\data\mp
   mc_v2_1_0.mpd line 945 
INFO:EDK:4130 - IPNAME: mpmc, INSTANCE:DDR_SDRAM - tcl is overriding PARAMETER
   C_CTRL_BRAM_INIT_02 value to
   0x0000001E0000001E0000001F0000001E000021060001111E0000801A0000001C -
   C:\Xilinx\13.2\ISE_DS\EDK\hw\XilinxProcessorIPLib\pcores\mpmc_v6_04_a\data\mp
   mc_v2_1_0.mpd line 946 
INFO:EDK:4130 - IPNAME: mpmc, INSTANCE:DDR_SDRAM - tcl is overriding PARAMETER
   C_CTRL_BRAM_INIT_01 value to
   0x000040080000001C0000001C000020140000141D000080180000001E0000001E -
   C:\Xilinx\13.2\ISE_DS\EDK\hw\XilinxProcessorIPLib\pcores\mpmc_v6_04_a\data\mp
   mc_v2_1_0.mpd line 947 
INFO:EDK:4130 - IPNAME: mpmc, INSTANCE:DDR_SDRAM - tcl is overriding PARAMETER
   C_CTRL_BRAM_INIT_00 value to
   0x0000400A0000001E0000001E0000001F0000001E000021060001111E0000801A -
   C:\Xilinx\13.2\ISE_DS\EDK\hw\XilinxProcessorIPLib\pcores\mpmc_v6_04_a\data\mp
   mc_v2_1_0.mpd line 948 
INFO:EDK:4130 - IPNAME: mpmc, INSTANCE:DDR_SDRAM - tcl is overriding PARAMETER
   C_CTRL_BRAM_INITP_03 value to
   0x0000000000000000000000000000000000000000000000000000000000000000 -
   C:\Xilinx\13.2\ISE_DS\EDK\hw\XilinxProcessorIPLib\pcores\mpmc_v6_04_a\data\mp
   mc_v2_1_0.mpd line 954 
INFO:EDK:4130 - IPNAME: mpmc, INSTANCE:DDR_SDRAM - tcl is overriding PARAMETER
   C_CTRL_BRAM_INITP_02 value to
   0x0000000000000000000000000000000000000000000000000000000000000000 -
   C:\Xilinx\13.2\ISE_DS\EDK\hw\XilinxProcessorIPLib\pcores\mpmc_v6_04_a\data\mp
   mc_v2_1_0.mpd line 955 
INFO:EDK:4130 - IPNAME: mpmc, INSTANCE:DDR_SDRAM - tcl is overriding PARAMETER
   C_CTRL_BRAM_INITP_01 value to
   0x0000000000000000000000000000000000000000000000000000000000000000 -
   C:\Xilinx\13.2\ISE_DS\EDK\hw\XilinxProcessorIPLib\pcores\mpmc_v6_04_a\data\mp
   mc_v2_1_0.mpd line 956 
INFO:EDK:4130 - IPNAME: mpmc, INSTANCE:DDR_SDRAM - tcl is overriding PARAMETER
   C_CTRL_BRAM_INITP_00 value to
   0x0000000000000000000000000000000000000000000000000000000000000000 -
   C:\Xilinx\13.2\ISE_DS\EDK\hw\XilinxProcessorIPLib\pcores\mpmc_v6_04_a\data\mp
   mc_v2_1_0.mpd line 957 
INFO:EDK:4130 - IPNAME: xps_intc, INSTANCE:xps_intc_0 - tcl is overriding
   PARAMETER C_NUM_INTR_INPUTS value to 4 -
   C:\Xilinx\13.2\ISE_DS\EDK\hw\XilinxProcessorIPLib\pcores\xps_intc_v2_01_a\dat
   a\xps_intc_v2_1_0.mpd line 86 
INFO:EDK:4130 - IPNAME: xps_intc, INSTANCE:xps_intc_0 - tcl is overriding
   PARAMETER C_KIND_OF_INTR value to 0b11111111111111111111111111111011 -
   C:\Xilinx\13.2\ISE_DS\EDK\hw\XilinxProcessorIPLib\pcores\xps_intc_v2_01_a\dat
   a\xps_intc_v2_1_0.mpd line 87 
INFO:EDK:4130 - IPNAME: xps_intc, INSTANCE:xps_intc_0 - tcl is overriding
   PARAMETER C_KIND_OF_EDGE value to 0b11111111111111111111111111111111 -
   C:\Xilinx\13.2\ISE_DS\EDK\hw\XilinxProcessorIPLib\pcores\xps_intc_v2_01_a\dat
   a\xps_intc_v2_1_0.mpd line 88 
INFO:EDK:4130 - IPNAME: xps_intc, INSTANCE:xps_intc_0 - tcl is overriding
   PARAMETER C_KIND_OF_LVL value to 0b11111111111111111111111111111111 -
   C:\Xilinx\13.2\ISE_DS\EDK\hw\XilinxProcessorIPLib\pcores\xps_intc_v2_01_a\dat
   a\xps_intc_v2_1_0.mpd line 89 

Running system level update procedures...

Running UPDATE Tcl procedures for OPTION SYSLEVEL_UPDATE_PROC...

Running system level DRCs...

Performing System level DRCs on properties...

Running DRC Tcl procedures for OPTION SYSLEVEL_DRC_PROC...

Running UPDATE Tcl procedures for OPTION PLATGEN_SYSLEVEL_UPDATE_PROC...
INFO: The microblaze_0 core has constraints automatically generated by XPS in
implementation/microblaze_0_wrapper/microblaze_0_wrapper.ucf.
It can be overridden by constraints placed in the system.ucf file.

INFO: The ilmb core has constraints automatically generated by XPS in
implementation/ilmb_wrapper/ilmb_wrapper.ucf.
It can be overridden by constraints placed in the system.ucf file.

INFO: The dlmb core has constraints automatically generated by XPS in
implementation/dlmb_wrapper/dlmb_wrapper.ucf.
It can be overridden by constraints placed in the system.ucf file.

INFO: The DDR_SDRAM core has constraints automatically generated by XPS in
implementation/ddr_sdram_wrapper/ddr_sdram_wrapper.ucf.
It can be overridden by constraints placed in the system.ucf file.


Modify defaults ...

Creating stub ...

Processing licensed instances ...
Completion time: 0.00 seconds

Creating hardware output directories ...

Managing hardware (BBD-specified) netlist files ...

Managing cache ...
IPNAME:microblaze INSTANCE:microblaze_0 -
D:\Projekti\Trenz\redmine\TE-ReferenceDesigns\TE03xx-ISE\trunk\reference-TE0320-
00-EDK-13-2\system.mhs line 61 - Copying cache implementation netlist
IPNAME:plb_v46 INSTANCE:mb_plb -
D:\Projekti\Trenz\redmine\TE-ReferenceDesigns\TE03xx-ISE\trunk\reference-TE0320-
00-EDK-13-2\system.mhs line 89 - Copying cache implementation netlist
IPNAME:lmb_v10 INSTANCE:ilmb -
D:\Projekti\Trenz\redmine\TE-ReferenceDesigns\TE03xx-ISE\trunk\reference-TE0320-
00-EDK-13-2\system.mhs line 96 - Copying cache implementation netlist
IPNAME:lmb_v10 INSTANCE:dlmb -
D:\Projekti\Trenz\redmine\TE-ReferenceDesigns\TE03xx-ISE\trunk\reference-TE0320-
00-EDK-13-2\system.mhs line 103 - Copying cache implementation netlist
IPNAME:lmb_bram_if_cntlr INSTANCE:dlmb_cntlr -
D:\Projekti\Trenz\redmine\TE-ReferenceDesigns\TE03xx-ISE\trunk\reference-TE0320-
00-EDK-13-2\system.mhs line 110 - Copying cache implementation netlist
IPNAME:lmb_bram_if_cntlr INSTANCE:ilmb_cntlr -
D:\Projekti\Trenz\redmine\TE-ReferenceDesigns\TE03xx-ISE\trunk\reference-TE0320-
00-EDK-13-2\system.mhs line 119 - Copying cache implementation netlist
IPNAME:bram_block INSTANCE:lmb_bram -
D:\Projekti\Trenz\redmine\TE-ReferenceDesigns\TE03xx-ISE\trunk\reference-TE0320-
00-EDK-13-2\system.mhs line 128 - Copying cache implementation netlist
IPNAME:xps_gpio INSTANCE:led -
D:\Projekti\Trenz\redmine\TE-ReferenceDesigns\TE03xx-ISE\trunk\reference-TE0320-
00-EDK-13-2\system.mhs line 135 - Copying cache implementation netlist
IPNAME:xps_gpio INSTANCE:switches -
D:\Projekti\Trenz\redmine\TE-ReferenceDesigns\TE03xx-ISE\trunk\reference-TE0320-
00-EDK-13-2\system.mhs line 146 - Copying cache implementation netlist
IPNAME:xps_spi INSTANCE:spi_flash -
D:\Projekti\Trenz\redmine\TE-ReferenceDesigns\TE03xx-ISE\trunk\reference-TE0320-
00-EDK-13-2\system.mhs line 156 - Copying cache implementation netlist
IPNAME:mpmc INSTANCE:ddr_sdram -
D:\Projekti\Trenz\redmine\TE-ReferenceDesigns\TE03xx-ISE\trunk\reference-TE0320-
00-EDK-13-2\system.mhs line 172 - Copying cache implementation netlist
IPNAME:mdm INSTANCE:debug_module -
D:\Projekti\Trenz\redmine\TE-ReferenceDesigns\TE03xx-ISE\trunk\reference-TE0320-
00-EDK-13-2\system.mhs line 237 - Copying cache implementation netlist
IPNAME:proc_sys_reset INSTANCE:proc_sys_reset_0 -
D:\Projekti\Trenz\redmine\TE-ReferenceDesigns\TE03xx-ISE\trunk\reference-TE0320-
00-EDK-13-2\system.mhs line 249 - Copying cache implementation netlist
IPNAME:xps_intc INSTANCE:xps_intc_0 -
D:\Projekti\Trenz\redmine\TE-ReferenceDesigns\TE03xx-ISE\trunk\reference-TE0320-
00-EDK-13-2\system.mhs line 262 - Copying cache implementation netlist
IPNAME:xps_timer INSTANCE:xps_timer_0 -
D:\Projekti\Trenz\redmine\TE-ReferenceDesigns\TE03xx-ISE\trunk\reference-TE0320-
00-EDK-13-2\system.mhs line 272 - Copying cache implementation netlist
IPNAME:xps_uartlite INSTANCE:rs232 -
D:\Projekti\Trenz\redmine\TE-ReferenceDesigns\TE03xx-ISE\trunk\reference-TE0320-
00-EDK-13-2\system.mhs line 281 - Copying cache implementation netlist
IPNAME:xps_i2c_slave INSTANCE:xps_i2c_slave_0 -
D:\Projekti\Trenz\redmine\TE-ReferenceDesigns\TE03xx-ISE\trunk\reference-TE0320-
00-EDK-13-2\system.mhs line 296 - Copying cache implementation netlist
IPNAME:xps_fx2 INSTANCE:xps_fx2_0 -
D:\Projekti\Trenz\redmine\TE-ReferenceDesigns\TE03xx-ISE\trunk\reference-TE0320-
00-EDK-13-2\system.mhs line 323 - Copying cache implementation netlist
IPNAME:xps_npi_dma INSTANCE:xps_npi_dma_0 -
D:\Projekti\Trenz\redmine\TE-ReferenceDesigns\TE03xx-ISE\trunk\reference-TE0320-
00-EDK-13-2\system.mhs line 351 - Copying cache implementation netlist

Elaborating instances ...
IPNAME:bram_block INSTANCE:lmb_bram -
D:\Projekti\Trenz\redmine\TE-ReferenceDesigns\TE03xx-ISE\trunk\reference-TE0320-
00-EDK-13-2\system.mhs line 128 - elaborating IP
IPNAME:clock_generator INSTANCE:clock_generator_0 -
D:\Projekti\Trenz\redmine\TE-ReferenceDesigns\TE03xx-ISE\trunk\reference-TE0320-
00-EDK-13-2\system.mhs line 212 - elaborating IP
ClkGen elaborate status: PASSED
----------------------------------------
IPNAME:clock_generator INSTANCE:usb_clock_generator -
D:\Projekti\Trenz\redmine\TE-ReferenceDesigns\TE03xx-ISE\trunk\reference-TE0320-
00-EDK-13-2\system.mhs line 309 - elaborating IP
ClkGen elaborate status: PASSED
----------------------------------------
IPNAME:xps_fx2 INSTANCE:xps_fx2_0 -
D:\Projekti\Trenz\redmine\TE-ReferenceDesigns\TE03xx-ISE\trunk\reference-TE0320-
00-EDK-13-2\system.mhs line 323 - elaborating IP
Detected tx_fifo.ngc
Detected tx_fifo is of a right size
Detected rx_fifo.ngc

Writing HDL for elaborated instances ...

Inserting wrapper level ...
Completion time: 3.00 seconds

Constructing platform-level connectivity ...
Completion time: 0.00 seconds

Writing (top-level) BMM ...

Writing (top-level and wrappers) HDL ...

Generating synthesis project file ...

Running XST synthesis ...

INFO:EDK:4211 - The following instances are synthesized with XST. The MPD option
   IMP_NETLIST=TRUE indicates that a NGC file is to be produced using XST
   synthesis. IMP_NETLIST=FALSE (default) instances are not synthesized. 
INSTANCE:clock_generator_0 -
D:\Projekti\Trenz\redmine\TE-ReferenceDesigns\TE03xx-ISE\trunk\reference-TE0320-
00-EDK-13-2\system.mhs line 212 - Running XST synthesis
INSTANCE:usb_clock_generator -
D:\Projekti\Trenz\redmine\TE-ReferenceDesigns\TE03xx-ISE\trunk\reference-TE0320-
00-EDK-13-2\system.mhs line 309 - Running XST synthesis
INSTANCE:xps_fx2_0 -
D:\Projekti\Trenz\redmine\TE-ReferenceDesigns\TE03xx-ISE\trunk\reference-TE0320-
00-EDK-13-2\system.mhs line 323 - Running XST synthesis

Running NGCBUILD ...
IPNAME:clock_generator_0_wrapper INSTANCE:clock_generator_0 -
D:\Projekti\Trenz\redmine\TE-ReferenceDesigns\TE03xx-ISE\trunk\reference-TE0320-
00-EDK-13-2\system.mhs line 212 - Running NGCBUILD
IPNAME:usb_clock_generator_wrapper INSTANCE:usb_clock_generator -
D:\Projekti\Trenz\redmine\TE-ReferenceDesigns\TE03xx-ISE\trunk\reference-TE0320-
00-EDK-13-2\system.mhs line 309 - Running NGCBUILD
INFO:EDK:3509 - NCF files should not be modified as they will be regenerated.
   If any constraint needs to be overridden, this should be done by modifying
   the data/system.ucf file.

Rebuilding cache ...

Total run time: 62.00 seconds
