 The following files will be modified:
  system.mhs
--------------------------------------
 The following changes will be made:
 Core mpmc 6.01.a will be replaced by 6.04.a
 Core clock_generator 4.00.a will be replaced by 4.02.a
 Core xps_uartlite 1.01.a will be replaced by 1.02.a
 Core plb_v46 1.04.a will be replaced by 1.05.a
--------------------------------------
 You must manually make the following changes:
 Core mdm 1.00.g needs to be replaced by 2.00.b
 Core proc_sys_reset 2.00.a needs to be replaced by 3.00.a
 No core by the name of  xps_i2c_slave was found.
 Please check the mhs file and repository.
 No core by the name of  xps_fx2 was found.
 Please check the mhs file and repository.
 No core by the name of  xps_npi_dma was found.
 Please check the mhs file and repository.
 Core lmb_bram_if_cntlr 2.10.b needs to be replaced by 3.00.b
 Core lmb_v10 1.00.a needs to be replaced by 2.00.b
 Core microblaze 7.30.b needs to be replaced by 8.20.a
